The system is: Linux - 2.6.28-15-generic - i686
Compiling the C compiler identification source file "CMakeCCompilerId.c" succeeded.
Compiler: /usr/bin/gcc 
Build flags: 
Id flags: 

The output was:
0


Compilation of the C compiler identification source "CMakeCCompilerId.c" produced "a.out"

The C compiler identification is GNU, found in "/home/nico/Work/HMS/bin/CMakeFiles/CompilerIdC/a.out"

Compiling the CXX compiler identification source file "CMakeCXXCompilerId.cpp" succeeded.
Compiler: /usr/bin/c++ 
Build flags: 
Id flags: 

The output was:
0
CMakeCXXCompilerId.cpp:73: attention : deprecated conversion from string constant to ‘char*’
CMakeCXXCompilerId.cpp:163: attention : deprecated conversion from string constant to ‘char*’


Compilation of the CXX compiler identification source "CMakeCXXCompilerId.cpp" produced "a.out"

The CXX compiler identification is GNU, found in "/home/nico/Work/HMS/bin/CMakeFiles/CompilerIdCXX/a.out"

Determining if the C compiler works passed with the following output:
Change Dir: /home/nico/Work/HMS/bin/CMakeFiles/CMakeTmp

Run Build Command:/usr/bin/make "cmTryCompileExec/fast"
/usr/bin/make -f CMakeFiles/cmTryCompileExec.dir/build.make CMakeFiles/cmTryCompileExec.dir/build
make[1]: entrant dans le répertoire « /home/nico/Work/HMS/bin/CMakeFiles/CMakeTmp »
/usr/local/bin/cmake -E cmake_progress_report /home/nico/Work/HMS/bin/CMakeFiles/CMakeTmp/CMakeFiles 1
Building C object CMakeFiles/cmTryCompileExec.dir/testCCompiler.c.o
/usr/bin/gcc    -o CMakeFiles/cmTryCompileExec.dir/testCCompiler.c.o   -c /home/nico/Work/HMS/bin/CMakeFiles/CMakeTmp/testCCompiler.c
Linking C executable cmTryCompileExec
/usr/local/bin/cmake -E cmake_link_script CMakeFiles/cmTryCompileExec.dir/link.txt --verbose=1
/usr/bin/gcc       -fPIC CMakeFiles/cmTryCompileExec.dir/testCCompiler.c.o  -o cmTryCompileExec -rdynamic 
make[1]: quittant le répertoire « /home/nico/Work/HMS/bin/CMakeFiles/CMakeTmp »


Detecting C compiler ABI info compiled with the following output:
Change Dir: /home/nico/Work/HMS/bin/CMakeFiles/CMakeTmp

Run Build Command:/usr/bin/make "cmTryCompileExec/fast"
/usr/bin/make -f CMakeFiles/cmTryCompileExec.dir/build.make CMakeFiles/cmTryCompileExec.dir/build
make[1]: entrant dans le répertoire « /home/nico/Work/HMS/bin/CMakeFiles/CMakeTmp »
/usr/local/bin/cmake -E cmake_progress_report /home/nico/Work/HMS/bin/CMakeFiles/CMakeTmp/CMakeFiles 1
Building C object CMakeFiles/cmTryCompileExec.dir/CMakeCCompilerABI.c.o
/usr/bin/gcc    -o CMakeFiles/cmTryCompileExec.dir/CMakeCCompilerABI.c.o   -c /usr/local/share/cmake-2.7/Modules/CMakeCCompilerABI.c
Linking C executable cmTryCompileExec
/usr/local/bin/cmake -E cmake_link_script CMakeFiles/cmTryCompileExec.dir/link.txt --verbose=1
/usr/bin/gcc       -fPIC -v CMakeFiles/cmTryCompileExec.dir/CMakeCCompilerABI.c.o  -o cmTryCompileExec -rdynamic  
Utilisation des specs internes.
Target: i486-linux-gnu
Configuré avec: ../src/configure -v --with-pkgversion='Ubuntu 4.3.3-5ubuntu4' --with-bugurl=file:///usr/share/doc/gcc-4.3/README.Bugs --enable-languages=c,c++,fortran,objc,obj-c++ --prefix=/usr --enable-shared --with-system-zlib --libexecdir=/usr/lib --without-included-gettext --enable-threads=posix --enable-nls --with-gxx-include-dir=/usr/include/c++/4.3 --program-suffix=-4.3 --enable-clocale=gnu --enable-libstdcxx-debug --enable-objc-gc --enable-mpfr --enable-targets=all --with-tune=generic --enable-checking=release --build=i486-linux-gnu --host=i486-linux-gnu --target=i486-linux-gnu
Modèle de thread: posix
gcc version 4.3.3 (Ubuntu 4.3.3-5ubuntu4) 
COMPILER_PATH=/usr/lib/gcc/i486-linux-gnu/4.3.3/:/usr/lib/gcc/i486-linux-gnu/4.3.3/:/usr/lib/gcc/i486-linux-gnu/:/usr/lib/gcc/i486-linux-gnu/4.3.3/:/usr/lib/gcc/i486-linux-gnu/:/usr/lib/gcc/i486-linux-gnu/4.3.3/:/usr/lib/gcc/i486-linux-gnu/
LIBRARY_PATH=/usr/lib/gcc/i486-linux-gnu/4.3.3/:/usr/lib/gcc/i486-linux-gnu/4.3.3/:/usr/lib/gcc/i486-linux-gnu/4.3.3/../../../../lib/:/lib/../lib/:/usr/lib/../lib/:/usr/lib/gcc/i486-linux-gnu/4.3.3/../../../:/lib/:/usr/lib/
COLLECT_GCC_OPTIONS='-fPIC' '-v' '-o' 'cmTryCompileExec' '-rdynamic' '-mtune=generic'
 /usr/lib/gcc/i486-linux-gnu/4.3.3/collect2 --eh-frame-hdr -m elf_i386 --hash-style=both -export-dynamic -dynamic-linker /lib/ld-linux.so.2 -o cmTryCompileExec -z relro /usr/lib/gcc/i486-linux-gnu/4.3.3/../../../../lib/crt1.o /usr/lib/gcc/i486-linux-gnu/4.3.3/../../../../lib/crti.o /usr/lib/gcc/i486-linux-gnu/4.3.3/crtbegin.o -L/usr/lib/gcc/i486-linux-gnu/4.3.3 -L/usr/lib/gcc/i486-linux-gnu/4.3.3 -L/usr/lib/gcc/i486-linux-gnu/4.3.3/../../../../lib -L/lib/../lib -L/usr/lib/../lib -L/usr/lib/gcc/i486-linux-gnu/4.3.3/../../.. CMakeFiles/cmTryCompileExec.dir/CMakeCCompilerABI.c.o -lgcc --as-needed -lgcc_s --no-as-needed -lc -lgcc --as-needed -lgcc_s --no-as-needed /usr/lib/gcc/i486-linux-gnu/4.3.3/crtend.o /usr/lib/gcc/i486-linux-gnu/4.3.3/../../../../lib/crtn.o
make[1]: quittant le répertoire « /home/nico/Work/HMS/bin/CMakeFiles/CMakeTmp »


Determining if the CXX compiler works passed with the following output:
Change Dir: /home/nico/Work/HMS/bin/CMakeFiles/CMakeTmp

Run Build Command:/usr/bin/make "cmTryCompileExec/fast"
/usr/bin/make -f CMakeFiles/cmTryCompileExec.dir/build.make CMakeFiles/cmTryCompileExec.dir/build
make[1]: entrant dans le répertoire « /home/nico/Work/HMS/bin/CMakeFiles/CMakeTmp »
/usr/local/bin/cmake -E cmake_progress_report /home/nico/Work/HMS/bin/CMakeFiles/CMakeTmp/CMakeFiles 1
Building CXX object CMakeFiles/cmTryCompileExec.dir/testCXXCompiler.cxx.o
/usr/bin/c++     -o CMakeFiles/cmTryCompileExec.dir/testCXXCompiler.cxx.o -c /home/nico/Work/HMS/bin/CMakeFiles/CMakeTmp/testCXXCompiler.cxx
Linking CXX executable cmTryCompileExec
/usr/local/bin/cmake -E cmake_link_script CMakeFiles/cmTryCompileExec.dir/link.txt --verbose=1
/usr/bin/c++        -fPIC CMakeFiles/cmTryCompileExec.dir/testCXXCompiler.cxx.o  -o cmTryCompileExec -rdynamic 
make[1]: quittant le répertoire « /home/nico/Work/HMS/bin/CMakeFiles/CMakeTmp »


Detecting CXX compiler ABI info compiled with the following output:
Change Dir: /home/nico/Work/HMS/bin/CMakeFiles/CMakeTmp

Run Build Command:/usr/bin/make "cmTryCompileExec/fast"
/usr/bin/make -f CMakeFiles/cmTryCompileExec.dir/build.make CMakeFiles/cmTryCompileExec.dir/build
make[1]: entrant dans le répertoire « /home/nico/Work/HMS/bin/CMakeFiles/CMakeTmp »
/usr/local/bin/cmake -E cmake_progress_report /home/nico/Work/HMS/bin/CMakeFiles/CMakeTmp/CMakeFiles 1
Building CXX object CMakeFiles/cmTryCompileExec.dir/CMakeCXXCompilerABI.cpp.o
/usr/bin/c++     -o CMakeFiles/cmTryCompileExec.dir/CMakeCXXCompilerABI.cpp.o -c /usr/local/share/cmake-2.7/Modules/CMakeCXXCompilerABI.cpp
Linking CXX executable cmTryCompileExec
/usr/local/bin/cmake -E cmake_link_script CMakeFiles/cmTryCompileExec.dir/link.txt --verbose=1
/usr/bin/c++        -fPIC -v CMakeFiles/cmTryCompileExec.dir/CMakeCXXCompilerABI.cpp.o  -o cmTryCompileExec -rdynamic  
Utilisation des specs internes.
Target: i486-linux-gnu
Configuré avec: ../src/configure -v --with-pkgversion='Ubuntu 4.3.3-5ubuntu4' --with-bugurl=file:///usr/share/doc/gcc-4.3/README.Bugs --enable-languages=c,c++,fortran,objc,obj-c++ --prefix=/usr --enable-shared --with-system-zlib --libexecdir=/usr/lib --without-included-gettext --enable-threads=posix --enable-nls --with-gxx-include-dir=/usr/include/c++/4.3 --program-suffix=-4.3 --enable-clocale=gnu --enable-libstdcxx-debug --enable-objc-gc --enable-mpfr --enable-targets=all --with-tune=generic --enable-checking=release --build=i486-linux-gnu --host=i486-linux-gnu --target=i486-linux-gnu
Modèle de thread: posix
gcc version 4.3.3 (Ubuntu 4.3.3-5ubuntu4) 
COMPILER_PATH=/usr/lib/gcc/i486-linux-gnu/4.3.3/:/usr/lib/gcc/i486-linux-gnu/4.3.3/:/usr/lib/gcc/i486-linux-gnu/:/usr/lib/gcc/i486-linux-gnu/4.3.3/:/usr/lib/gcc/i486-linux-gnu/:/usr/lib/gcc/i486-linux-gnu/4.3.3/:/usr/lib/gcc/i486-linux-gnu/
LIBRARY_PATH=/usr/lib/gcc/i486-linux-gnu/4.3.3/:/usr/lib/gcc/i486-linux-gnu/4.3.3/:/usr/lib/gcc/i486-linux-gnu/4.3.3/../../../../lib/:/lib/../lib/:/usr/lib/../lib/:/usr/lib/gcc/i486-linux-gnu/4.3.3/../../../:/lib/:/usr/lib/
COLLECT_GCC_OPTIONS='-fPIC' '-v' '-o' 'cmTryCompileExec' '-rdynamic' '-shared-libgcc' '-mtune=generic'
 /usr/lib/gcc/i486-linux-gnu/4.3.3/collect2 --eh-frame-hdr -m elf_i386 --hash-style=both -export-dynamic -dynamic-linker /lib/ld-linux.so.2 -o cmTryCompileExec -z relro /usr/lib/gcc/i486-linux-gnu/4.3.3/../../../../lib/crt1.o /usr/lib/gcc/i486-linux-gnu/4.3.3/../../../../lib/crti.o /usr/lib/gcc/i486-linux-gnu/4.3.3/crtbegin.o -L/usr/lib/gcc/i486-linux-gnu/4.3.3 -L/usr/lib/gcc/i486-linux-gnu/4.3.3 -L/usr/lib/gcc/i486-linux-gnu/4.3.3/../../../../lib -L/lib/../lib -L/usr/lib/../lib -L/usr/lib/gcc/i486-linux-gnu/4.3.3/../../.. CMakeFiles/cmTryCompileExec.dir/CMakeCXXCompilerABI.cpp.o -lstdc++ -lm -lgcc_s -lgcc -lc -lgcc_s -lgcc /usr/lib/gcc/i486-linux-gnu/4.3.3/crtend.o /usr/lib/gcc/i486-linux-gnu/4.3.3/../../../../lib/crtn.o
make[1]: quittant le répertoire « /home/nico/Work/HMS/bin/CMakeFiles/CMakeTmp »


